  ▲ Next.js 14.2.35
  - Local:        http://localhost:3005
  - Environments: .env

 ✓ Starting...
 ✓ Ready in 1478ms
 ✓ Compiled /api/comunidade/chat in 253ms (79 modules)
[next-auth][error][JWT_SESSION_ERROR] 
https://next-auth.js.org/errors#jwt_session_error Invalid Compact JWE {
  message: 'Invalid Compact JWE',
  stack: 'JWEInvalid: Invalid Compact JWE\n' +
    '    at compactDecrypt (C:\\Users\\Administrator\\Documents\\GitHub\\Condo\\node_modules\\jose\\dist\\node\\cjs\\jwe\\compact\\decrypt.js:16:15)\n' +
    '    at jwtDecrypt (C:\\Users\\Administrator\\Documents\\GitHub\\Condo\\node_modules\\jose\\dist\\node\\cjs\\jwt\\decrypt.js:8:61)\n' +
    '    at Object.decode (C:\\Users\\Administrator\\Documents\\GitHub\\Condo\\node_modules\\next-auth\\jwt\\index.js:56:34)\n' +
    '    at async Object.session (C:\\Users\\Administrator\\Documents\\GitHub\\Condo\\node_modules\\next-auth\\core\\routes\\session.js:48:28)\n' +
    '    at async AuthHandler (C:\\Users\\Administrator\\Documents\\GitHub\\Condo\\node_modules\\next-auth\\core\\index.js:136:27)\n' +
    '    at async getServerSession (C:\\Users\\Administrator\\Documents\\GitHub\\Condo\\node_modules\\next-auth\\next\\index.js:129:19)\n' +
    '    at async handler (webpack-internal:///(api)/./src/pages/api/comunidade/chat/index.ts:16:21)\n' +
    '    at async K (C:\\Users\\Administrator\\Documents\\GitHub\\Condo\\node_modules\\next\\dist\\compiled\\next-server\\pages-api.runtime.dev.js:21:2871)\n' +
    '    at async U.render (C:\\Users\\Administrator\\Documents\\GitHub\\Condo\\node_modules\\next\\dist\\compiled\\next-server\\pages-api.runtime.dev.js:21:3955)\n' +
    '    at async DevServer.runApi (C:\\Users\\Administrator\\Documents\\GitHub\\Condo\\node_modules\\next\\dist\\server\\next-server.js:603:9)\n' +
    '    at async NextNodeServer.handleCatchallRenderRequest (C:\\Users\\Administrator\\Documents\\GitHub\\Condo\\node_modules\\next\\dist\\server\\next-server.js:269:37)\n' +
    '    at async DevServer.handleRequestImpl (C:\\Users\\Administrator\\Documents\\GitHub\\Condo\\node_modules\\next\\dist\\server\\base-server.js:818:17)\n' +
    '    at async C:\\Users\\Administrator\\Documents\\GitHub\\Condo\\node_modules\\next\\dist\\server\\dev\\next-dev-server.js:339:20\n' +
    '    at async Span.traceAsyncFn (C:\\Users\\Administrator\\Documents\\GitHub\\Condo\\node_modules\\next\\dist\\trace\\trace.js:154:20)\n' +
    '    at async DevServer.handleRequest (C:\\Users\\Administrator\\Documents\\GitHub\\Condo\\node_modules\\next\\dist\\server\\dev\\next-dev-server.js:336:24)',
  name: 'JWEInvalid'
}
 GET /api/comunidade/chat 401 in 382ms
Watchpack Error (initial scan): Error: EINVAL: invalid argument, lstat 'C:\DumpStack.log.tmp'
Watchpack Error (initial scan): Error: EINVAL: invalid argument, lstat 'C:\swapfile.sys'
Watchpack Error (initial scan): Error: EINVAL: invalid argument, lstat 'C:\pagefile.sys'
 ○ Compiling /login ...
Watchpack Error (initial scan): Error: EINVAL: invalid argument, lstat 'C:\DumpStack.log.tmp'
Watchpack Error (initial scan): Error: EINVAL: invalid argument, lstat 'C:\swapfile.sys'
Watchpack Error (initial scan): Error: EINVAL: invalid argument, lstat 'C:\pagefile.sys'
 ✓ Compiled /login in 1770ms (525 modules)
 GET /login 307 in 1911ms
 ✓ Compiled /dashboard in 223ms (570 modules)
 GET /dashboard 200 in 313ms
 ✓ Compiled /api/auth/[...nextauth] in 30ms (191 modules)
 GET /api/auth/session 200 in 40ms
 GET /api/auth/session 200 in 3ms
 ○ Compiling /comunidade ...
 ✓ Compiled /comunidade in 780ms (744 modules)
 GET /comunidade 200 in 994ms
 GET /api/auth/session 200 in 8ms
 GET /api/auth/session 200 in 2ms
 ✓ Compiled /api/comunidade/chat in 34ms (212 modules)
 GET /api/comunidade/chat 304 in 45ms
 GET /api/comunidade/chat 304 in 4ms
 GET /api/comunidade/chat 304 in 4ms
 GET /api/comunidade/chat 304 in 5ms
 GET /api/comunidade/chat 304 in 4ms
 GET /api/comunidade/chat 304 in 5ms
 ⨯ PrismaClientValidationError: 
Invalid `prisma.mensagemChat.create()` invocation:

{
  data: {
    conteudo: "Olá moradores! Reunião de condomínio na sexta às 19h no salão — todos estão convidados!",
    condoId: undefined,
    autorId: undefined,
+   condo: {
+     create: CondoCreateWithoutMensagensChatInput | CondoUncheckedCreateWithoutMensagensChatInput,
+     connectOrCreate: CondoCreateOrConnectWithoutMensagensChatInput,
+     connect: CondoWhereUniqueInput
+   }
  },
  include: {
    autor: {
      select: {
        id: true,
        name: true,
        apartamento: true,
        bloco: true
      }
    }
  }
}

Argument `condo` is missing.
    at wn (C:\Users\Administrator\Documents\GitHub\Condo\node_modules\@prisma\client\runtime\library.js:29:1363)
    at $n.handleRequestError (C:\Users\Administrator\Documents\GitHub\Condo\node_modules\@prisma\client\runtime\library.js:121:6958)
    at $n.handleAndLogRequestError (C:\Users\Administrator\Documents\GitHub\Condo\node_modules\@prisma\client\runtime\library.js:121:6623)
    at $n.request (C:\Users\Administrator\Documents\GitHub\Condo\node_modules\@prisma\client\runtime\library.js:121:6307)
    at async l (C:\Users\Administrator\Documents\GitHub\Condo\node_modules\@prisma\client\runtime\library.js:130:9633)
    at async handler (webpack-internal:///(api)/./src/pages/api/comunidade/chat/index.ts:48:21)
    at async K (C:\Users\Administrator\Documents\GitHub\Condo\node_modules\next\dist\compiled\next-server\pages-api.runtime.dev.js:21:2871)
    at async U.render (C:\Users\Administrator\Documents\GitHub\Condo\node_modules\next\dist\compiled\next-server\pages-api.runtime.dev.js:21:3955)
    at async DevServer.runApi (C:\Users\Administrator\Documents\GitHub\Condo\node_modules\next\dist\server\next-server.js:603:9)
    at async NextNodeServer.handleCatchallRenderRequest (C:\Users\Administrator\Documents\GitHub\Condo\node_modules\next\dist\server\next-server.js:269:37)
    at async DevServer.handleRequestImpl (C:\Users\Administrator\Documents\GitHub\Condo\node_modules\next\dist\server\base-server.js:818:17)
    at async C:\Users\Administrator\Documents\GitHub\Condo\node_modules\next\dist\server\dev\next-dev-server.js:339:20
    at async Span.traceAsyncFn (C:\Users\Administrator\Documents\GitHub\Condo\node_modules\next\dist\trace\trace.js:154:20)
    at async DevServer.handleRequest (C:\Users\Administrator\Documents\GitHub\Condo\node_modules\next\dist\server\dev\next-dev-server.js:336:24)
    at async invokeRender (C:\Users\Administrator\Documents\GitHub\Condo\node_modules\next\dist\server\lib\router-server.js:179:21) {
  clientVersion: '5.22.0',
  page: '/api/comunidade/chat'
}
 ✓ Compiled /_error in 102ms (748 modules)
 POST /api/comunidade/chat 500 in 185ms
 GET /api/comunidade/chat 304 in 6ms
 GET /api/comunidade/chat 304 in 3ms
 GET /api/comunidade/chat 304 in 3ms
 GET /api/comunidade/chat 304 in 3ms
 GET /api/comunidade/chat 304 in 5ms
 GET /api/comunidade/chat 304 in 3ms
 GET /api/comunidade/chat 304 in 3ms
 GET /api/comunidade/chat 304 in 3ms
 GET /api/comunidade/chat 304 in 3ms
 GET /api/comunidade/chat 304 in 4ms
 GET /api/comunidade/chat 304 in 4ms
 GET /api/comunidade/chat 304 in 3ms
 GET /api/comunidade/chat 304 in 4ms
 GET /api/comunidade/chat 304 in 3ms
 ✓ Compiled in 198ms (733 modules)
 GET /api/comunidade/chat 304 in 6ms
 GET /api/comunidade/chat 304 in 23ms
 ✓ Compiled in 141ms (528 modules)
 GET /api/comunidade/chat 304 in 4ms
 ✓ Compiled in 69ms (528 modules)
 ⨯ PrismaClientValidationError: 
Invalid `prisma.mensagemChat.create()` invocation:

{
  data: {
    conteudo: "Olá moradores! Reunião de condomínio na sexta às 19h no salão — todos estão convidados!",
    condo: {
      connect: {
        id: undefined,
?       AND?: CondoWhereInput | CondoWhereInput[],
?       OR?: CondoWhereInput[],
?       NOT?: CondoWhereInput | CondoWhereInput[],
?       nome?: StringFilter | String,
?       endereco?: StringFilter | String,
?       createdAt?: DateTimeFilter | DateTime,
?       users?: UserListRelationFilter,
?       avisos?: AvisoListRelationFilter,
?       ocorrencias?: OcorrenciaListRelationFilter,
?       areas?: AreaComumListRelationFilter,
?       vagasGaragem?: VagaGaragemListRelationFilter,
?       anunciosLoja?: AnuncioLojaListRelationFilter,
?       mensagensChat?: MensagemChatListRelationFilter
      }
    },
    autor: {
      connect: {
        id: undefined
      }
    }
  },
  include: {
    autor: {
      select: {
        id: true,
        name: true,
        apartamento: true,
        bloco: true
      }
    }
  }
}

Argument `connect` of type CondoWhereUniqueInput needs at least one of `id` arguments. Available options are marked with ?.
    at wn (C:\Users\Administrator\Documents\GitHub\Condo\node_modules\@prisma\client\runtime\library.js:29:1363)
    at $n.handleRequestError (C:\Users\Administrator\Documents\GitHub\Condo\node_modules\@prisma\client\runtime\library.js:121:6958)
    at $n.handleAndLogRequestError (C:\Users\Administrator\Documents\GitHub\Condo\node_modules\@prisma\client\runtime\library.js:121:6623)
    at $n.request (C:\Users\Administrator\Documents\GitHub\Condo\node_modules\@prisma\client\runtime\library.js:121:6307)
    at async l (C:\Users\Administrator\Documents\GitHub\Condo\node_modules\@prisma\client\runtime\library.js:130:9633)
    at async handler (webpack-internal:///(api)/./src/pages/api/comunidade/chat/index.ts:48:21)
    at async K (C:\Users\Administrator\Documents\GitHub\Condo\node_modules\next\dist\compiled\next-server\pages-api.runtime.dev.js:21:2871)
    at async U.render (C:\Users\Administrator\Documents\GitHub\Condo\node_modules\next\dist\compiled\next-server\pages-api.runtime.dev.js:21:3955)
    at async DevServer.runApi (C:\Users\Administrator\Documents\GitHub\Condo\node_modules\next\dist\server\next-server.js:603:9)
    at async NextNodeServer.handleCatchallRenderRequest (C:\Users\Administrator\Documents\GitHub\Condo\node_modules\next\dist\server\next-server.js:269:37)
    at async DevServer.handleRequestImpl (C:\Users\Administrator\Documents\GitHub\Condo\node_modules\next\dist\server\base-server.js:818:17)
    at async C:\Users\Administrator\Documents\GitHub\Condo\node_modules\next\dist\server\dev\next-dev-server.js:339:20
    at async Span.traceAsyncFn (C:\Users\Administrator\Documents\GitHub\Condo\node_modules\next\dist\trace\trace.js:154:20)
    at async DevServer.handleRequest (C:\Users\Administrator\Documents\GitHub\Condo\node_modules\next\dist\server\dev\next-dev-server.js:336:24)
    at async invokeRender (C:\Users\Administrator\Documents\GitHub\Condo\node_modules\next\dist\server\lib\router-server.js:179:21) {
  clientVersion: '5.22.0',
  page: '/api/comunidade/chat'
}
 ✓ Compiled /_error in 61ms (735 modules)
 POST /api/comunidade/chat 500 in 90ms
 GET /api/comunidade/chat 304 in 5ms
 GET /api/comunidade/chat 304 in 3ms
 GET /api/comunidade/chat 304 in 4ms
 GET /api/comunidade/chat 304 in 3ms
 GET /api/comunidade/chat 304 in 3ms
 GET /api/comunidade/chat 304 in 4ms
 GET /api/comunidade/chat 304 in 2ms
 GET /api/comunidade/chat 304 in 9ms
 GET /api/comunidade/chat 304 in 3ms
 GET /api/comunidade/chat 304 in 3ms
 GET /api/comunidade/chat 304 in 4ms
 ✓ Compiled in 158ms (735 modules)
 GET /api/comunidade/chat 401 in 5ms
 ✓ Compiled in 67ms (529 modules)
 GET /api/comunidade/chat 401 in 2ms
 ✓ Compiled in 85ms (529 modules)
 GET /api/comunidade/chat 401 in 3ms
 POST /api/comunidade/chat 401 in 2ms
 GET /api/comunidade/chat 401 in 2ms
 GET /api/comunidade/chat 401 in 2ms
 ✓ Compiled /login in 237ms (745 modules)
 GET /login 307 in 262ms
 GET /dashboard 200 in 17ms
 ✓ Compiled /api/auth/[...nextauth] in 84ms (212 modules)
 GET /api/auth/session 200 in 91ms
 GET /api/auth/session 200 in 2ms
 POST /api/auth/signout 302 in 2ms
 GET /_next/data/development/comunidade.json 200 in 23ms
 GET /api/comunidade/chat 401 in 3ms
 GET /api/comunidade/chat 401 in 2ms
 POST /api/comunidade/chat 401 in 2ms
 GET /api/comunidade/chat 401 in 2ms
 GET /_next/data/development/comunidade.json 200 in 4ms
 ✓ Compiled /api/comunidade/vagas in 40ms (214 modules)
 GET /api/comunidade/vagas 401 in 47ms
 GET /api/comunidade/vagas 401 in 2ms
 GET /api/auth/signout 200 in 3ms
 GET /comunidade 200 in 18ms
 GET /api/auth/session 200 in 3ms
 GET /api/auth/session 200 in 2ms
 GET /api/comunidade/chat 401 in 3ms
 GET /api/comunidade/chat 401 in 2ms
 GET /api/comunidade/vagas 401 in 2ms
 GET /api/comunidade/vagas 401 in 2ms
 POST /api/comunidade/vagas 401 in 3ms
 ✓ Compiled /api/comunidade/loja in 63ms (216 modules)
 GET /api/comunidade/loja 401 in 71ms
 GET /api/comunidade/loja 401 in 2ms
 GET /login 307 in 12ms
 GET /dashboard 200 in 12ms
 GET /api/auth/session 200 in 3ms
 GET /api/auth/session 200 in 2ms
 GET /dashboard 200 in 11ms
 GET /api/auth/session 200 in 2ms
 GET /api/auth/session 200 in 2ms
 GET /api/auth/csrf 200 in 2ms
 POST /api/auth/signout 302 in 2ms
 GET /_next/data/development/comunidade.json 200 in 6ms
 GET /_next/data/development/login.json 200 in 3ms
 GET /api/auth/providers 304 in 2ms
 GET /api/auth/csrf 200 in 2ms
 POST /api/auth/callback/credentials 200 in 71ms
 GET /api/auth/session 200 in 2ms
 GET /_next/data/development/dashboard.json 200 in 5ms
 GET /_next/data/development/comunidade.json 200 in 4ms
 GET /api/comunidade/chat 401 in 4ms
 GET /api/comunidade/chat 401 in 3ms
 POST /api/comunidade/chat 401 in 3ms
 GET /api/comunidade/chat 401 in 3ms
 GET /api/comunidade/chat 401 in 2ms
 GET /api/comunidade/chat 401 in 3ms
 GET /comunidade 200 in 6ms
 GET /api/auth/session 200 in 3ms
 GET /api/auth/session 200 in 2ms
 GET /api/comunidade/chat 401 in 2ms
 GET /api/comunidade/chat 401 in 2ms
 GET /api/comunidade/chat 401 in 3ms
 GET /api/comunidade/chat 401 in 2ms
 GET /api/comunidade/chat 401 in 2ms
 GET /api/comunidade/chat 401 in 2ms
 GET /api/comunidade/chat 401 in 2ms
 POST /api/comunidade/chat 401 in 2ms
 GET /api/comunidade/chat 401 in 2ms
 GET /api/comunidade/chat 401 in 3ms
 GET /api/comunidade/chat 401 in 2ms
 GET /_next/data/development/comunidade.json 200 in 4ms
 GET /api/comunidade/vagas 401 in 3ms
 GET /api/comunidade/vagas 401 in 2ms
 GET /api/comunidade/chat 401 in 2ms
 GET /api/comunidade/chat 401 in 1ms
 GET /api/comunidade/vagas 401 in 2ms
 GET /api/comunidade/vagas 401 in 2ms
 GET /api/comunidade/chat 401 in 2ms
 GET /api/comunidade/chat 401 in 2ms
 GET /api/comunidade/chat 401 in 2ms
 GET /api/comunidade/chat 401 in 2ms
 GET /api/comunidade/chat 401 in 3ms
 GET /api/comunidade/chat 401 in 2ms
 GET /api/comunidade/chat 401 in 1ms
 GET /api/comunidade/chat 401 in 3ms
 GET /login 307 in 4ms
 GET /dashboard 200 in 10ms
 GET /api/auth/session 200 in 3ms
 GET /api/auth/session 200 in 3ms
 GET /login?reset=1 307 in 6ms
 GET /dashboard 200 in 11ms
 GET /api/auth/session 200 in 3ms
 GET /api/auth/session 200 in 2ms
 GET /api/auth/session 200 in 2ms
 GET /comunidade 200 in 9ms
 GET /api/auth/session 200 in 3ms
 GET /api/auth/session 200 in 3ms
 GET /api/comunidade/chat 401 in 2ms
 GET /api/comunidade/chat 401 in 3ms
 GET /api/comunidade/chat 401 in 2ms
 GET /api/comunidade/chat 401 in 2ms
 GET /api/comunidade/chat 401 in 3ms
 GET /api/comunidade/chat 401 in 2ms
 GET /api/comunidade/chat 401 in 3ms
 GET /api/comunidade/chat 401 in 2ms
 GET /api/comunidade/chat 401 in 3ms
 GET /api/comunidade/chat 401 in 2ms
 GET /api/comunidade/chat 401 in 3ms
 ✓ Compiled in 242ms (740 modules)
 GET /api/comunidade/chat 304 in 5ms
 ✓ Compiled in 94ms (528 modules)
 GET /api/comunidade/chat 304 in 3ms
 ✓ Compiled in 79ms (528 modules)
 GET /api/comunidade/chat 304 in 3ms
 ✓ Compiled in 68ms (528 modules)
 GET /api/comunidade/chat 304 in 2ms
 GET /api/comunidade/chat 304 in 6ms
 ✓ Compiled in 64ms (528 modules)
 GET /api/comunidade/chat 304 in 3ms
 POST /api/comunidade/chat 201 in 7ms
 GET /api/comunidade/chat 200 in 7ms
 GET /api/comunidade/chat 304 in 3ms
 GET /api/comunidade/chat 304 in 3ms
 GET /api/comunidade/chat 304 in 3ms
 ✓ Compiled /api/comunidade/vagas in 41ms (212 modules)
 GET /api/comunidade/vagas 304 in 50ms
 GET /api/comunidade/vagas 304 in 4ms
 POST /api/comunidade/vagas 201 in 7ms
 GET /api/comunidade/vagas 200 in 3ms
 GET /api/comunidade/chat 304 in 4ms
 GET /api/comunidade/chat 304 in 3ms
 GET /api/comunidade/vagas 304 in 3ms
 GET /api/comunidade/vagas 304 in 3ms
 ✓ Compiled /api/comunidade/loja in 34ms (214 modules)
 GET /api/comunidade/loja 304 in 41ms
 GET /api/comunidade/loja 304 in 3ms
 POST /api/comunidade/loja 201 in 6ms
 GET /api/comunidade/loja 200 in 3ms
 GET /api/comunidade/vagas 304 in 4ms
 GET /api/comunidade/vagas 304 in 4ms
 GET /api/comunidade/loja 304 in 4ms
 GET /api/comunidade/loja 304 in 3ms
 GET /api/comunidade/vagas 304 in 4ms
 GET /api/comunidade/vagas 304 in 2ms
 GET /api/comunidade/chat 304 in 4ms
 GET /api/comunidade/chat 304 in 3ms
 GET /api/comunidade/vagas 304 in 3ms
 GET /api/comunidade/vagas 304 in 3ms
 GET /api/comunidade/loja 304 in 3ms
 GET /api/comunidade/loja 304 in 3ms
 GET /api/comunidade/vagas 304 in 3ms
 GET /api/comunidade/vagas 304 in 3ms
 GET /api/comunidade/chat 304 in 4ms
 GET /api/comunidade/chat 304 in 3ms
 GET /api/comunidade/loja 304 in 3ms
 GET /api/comunidade/loja 304 in 3ms
 GET /api/comunidade/chat 304 in 3ms
 GET /api/comunidade/chat 304 in 3ms
 POST /api/comunidade/chat 201 in 5ms
 GET /api/comunidade/chat 200 in 2ms
 GET /api/comunidade/vagas 304 in 3ms
 GET /api/comunidade/vagas 304 in 3ms
 GET /api/comunidade/loja 304 in 3ms
 GET /api/comunidade/loja 304 in 2ms
 ✓ Compiled /api/auth/[...nextauth] in 40ms (216 modules)
 GET /api/auth/csrf 200 in 46ms
 POST /api/auth/signout 200 in 4ms
 ✓ Compiled / in 191ms (748 modules)
 GET / 307 in 205ms
 ✓ Compiled /login in 116ms (754 modules)
 GET /login 200 in 150ms
 GET /api/auth/session 200 in 6ms
 GET /api/auth/session 200 in 1ms
 GET /api/auth/providers 304 in 1ms
 GET /api/auth/csrf 200 in 2ms
 POST /api/auth/callback/credentials 200 in 65ms
 GET /api/auth/session 200 in 2ms
 GET /_next/data/development/dashboard.json 200 in 9ms
 ✓ Compiled /entregas in 339ms (764 modules)
 GET /_next/data/development/comunidade.json 200 in 23ms
 GET /api/comunidade/chat 304 in 5ms
 GET /api/comunidade/chat 304 in 3ms
 GET /api/comunidade/chat 304 in 2ms
 POST /api/comunidade/chat 201 in 5ms
 GET /api/comunidade/chat 200 in 3ms
 GET /api/comunidade/vagas 304 in 4ms
 GET /api/comunidade/vagas 304 in 3ms
 POST /api/comunidade/vagas 201 in 5ms
 GET /api/comunidade/vagas 200 in 3ms
 GET /api/comunidade/loja 304 in 4ms
 GET /api/comunidade/loja 304 in 3ms
 POST /api/comunidade/loja 201 in 7ms
 GET /api/comunidade/loja 200 in 3ms
 POST /api/comunidade/loja 201 in 5ms
 GET /api/comunidade/loja 200 in 4ms
 GET /_next/data/development/entregas.json 200 in 8ms
 GET /_next/data/development/entregas.json 200 in 5ms
 GET /_next/data/development/comunidade.json 200 in 4ms
 GET /api/comunidade/chat 304 in 3ms
 GET /api/comunidade/chat 304 in 2ms
 GET /api/comunidade/vagas 304 in 4ms
 GET /api/comunidade/vagas 304 in 3ms
