[     131ms] [INFO] %cDownload the React DevTools for a better development experience: https://reactjs.org/link/react-devtools font-weight:bold @ webpack-internal:///./node_modules/react-dom/cjs/react-dom.development.js:29889
[     176ms] [LOG] [HMR] connected @ webpack-internal:///./node_modules/next/dist/client/components/react-dev-overlay/pages/websocket.js:38
[     213ms] [ERROR] Failed to load resource: the server responded with a status of 401 (Unauthorized) @ http://localhost:3005/api/comunidade/chat:0
[     217ms] [ERROR] Failed to load resource: the server responded with a status of 401 (Unauthorized) @ http://localhost:3005/api/comunidade/chat:0
[    5217ms] [ERROR] Failed to load resource: the server responded with a status of 401 (Unauthorized) @ http://localhost:3005/api/comunidade/chat:0
[   10218ms] [ERROR] Failed to load resource: the server responded with a status of 401 (Unauthorized) @ http://localhost:3005/api/comunidade/chat:0
[   15218ms] [ERROR] Failed to load resource: the server responded with a status of 401 (Unauthorized) @ http://localhost:3005/api/comunidade/chat:0
[   20217ms] [ERROR] Failed to load resource: the server responded with a status of 401 (Unauthorized) @ http://localhost:3005/api/comunidade/chat:0
[   25218ms] [ERROR] Failed to load resource: the server responded with a status of 401 (Unauthorized) @ http://localhost:3005/api/comunidade/chat:0
[   30217ms] [ERROR] Failed to load resource: the server responded with a status of 401 (Unauthorized) @ http://localhost:3005/api/comunidade/chat:0
[   35217ms] [ERROR] Failed to load resource: the server responded with a status of 401 (Unauthorized) @ http://localhost:3005/api/comunidade/chat:0
[   40216ms] [ERROR] Failed to load resource: the server responded with a status of 401 (Unauthorized) @ http://localhost:3005/api/comunidade/chat:0
[   45217ms] [ERROR] Failed to load resource: the server responded with a status of 401 (Unauthorized) @ http://localhost:3005/api/comunidade/chat:0
[   49323ms] [LOG] [Fast Refresh] rebuilding @ webpack-internal:///./node_modules/next/dist/client/components/react-dev-overlay/pages/hot-reloader-client.js:221
[   49460ms] [LOG] [Fast Refresh] done in 137ms @ webpack-internal:///./node_modules/next/dist/client/components/react-dev-overlay/pages/hot-reloader-client.js:190
[   54216ms] [LOG] [Fast Refresh] rebuilding @ webpack-internal:///./node_modules/next/dist/client/components/react-dev-overlay/pages/hot-reloader-client.js:221
[   58686ms] [LOG] [Fast Refresh] rebuilding @ webpack-internal:///./node_modules/next/dist/client/components/react-dev-overlay/pages/hot-reloader-client.js:221
[   64421ms] [LOG] [Fast Refresh] rebuilding @ webpack-internal:///./node_modules/next/dist/client/components/react-dev-overlay/pages/hot-reloader-client.js:221
[   70977ms] [LOG] [Fast Refresh] rebuilding @ webpack-internal:///./node_modules/next/dist/client/components/react-dev-overlay/pages/hot-reloader-client.js:221
[   95979ms] [ERROR] Warning: Function components cannot be given refs. Attempts to access this ref will fail. Did you mean to use React.forwardRef()?%s%s 

Check the render method of `DialogClose`. 
    at Button (webpack-internal:///./src/components/ui/button.tsx:42:11)
    at DialogClose (webpack-internal:///./node_modules/@base-ui/react/esm/dialog/close/DialogClose.js:28:5)
    at div
    at FloatingFocusManager (webpack-internal:///./node_modules/@base-ui/react/esm/floating-ui-react/components/FloatingFocusManager.js:143:5)
    at DialogPopup (webpack-internal:///./node_modules/@base-ui/react/esm/dialog/popup/DialogPopup.js:51:5)
    at FloatingPortal (webpack-internal:///./node_modules/@base-ui/react/esm/floating-ui-react/components/FloatingPortal.js:126:5)
    at DialogPortal (webpack-internal:///./node_modules/@base-ui/react/esm/dialog/portal/DialogPortal.js:31:5)
    at DialogPortal (webpack-internal:///./src/components/ui/dialog.tsx:53:14)
    at DialogContent (webpack-internal:///./src/components/ui/dialog.tsx:90:11)
    at DialogRoot (webpack-internal:///./node_modules/@base-ui/react/esm/dialog/root/DialogRoot.js:21:51)
    at Dialog (webpack-internal:///./src/components/ui/dialog.tsx:29:14)
    at div
    at VagasTab (webpack-internal:///./src/pages/comunidade/index.tsx:284:11)
    at div
    at main
    at div
    at div
    at AppShell (webpack-internal:///./src/components/layout/AppShell.tsx:25:11)
    at ComunidadePage (webpack-internal:///./src/pages/comunidade/index.tsx:1534:11)
    at SessionProvider (webpack-internal:///./node_modules/next-auth/react/index.js:365:24)
    at App (webpack-internal:///./src/pages/_app.tsx:17:11)
    at PathnameContextProviderAdapter (webpack-internal:///./node_modules/next/dist/shared/lib/router/adapters.js:81:11)
    at ErrorBoundary (webpack-internal:///./node_modules/next/dist/client/components/react-dev-overlay/pages/ErrorBoundary.js:41:9)
    at ReactDevOverlay (webpack-internal:///./node_modules/next/dist/client/components/react-dev-overlay/pages/ReactDevOverlay.js:33:11)
    at Container (webpack-internal:///./node_modules/next/dist/client/index.js:81:1)
    at AppContainer (webpack-internal:///./node_modules/next/dist/client/index.js:189:11)
    at Root (webpack-internal:///./node_modules/next/dist/client/index.js:413:11) @ webpack-internal:///./node_modules/next/dist/client/components/react-dev-overlay/internal/helpers/hydration-error-info.js:62
[  444525ms] [INFO] %cDownload the React DevTools for a better development experience: https://reactjs.org/link/react-devtools font-weight:bold @ webpack-internal:///./node_modules/react-dom/cjs/react-dom.development.js:29889
[  444579ms] [VERBOSE] [DOM] Input elements should have autocomplete attributes (suggested: "current-password"): (More info: https://goo.gl/9p2vKq) %o @ http://localhost:3005/login:0
[  444580ms] [LOG] [HMR] connected @ webpack-internal:///./node_modules/next/dist/client/components/react-dev-overlay/pages/websocket.js:38
[  452177ms] [LOG] [Fast Refresh] rebuilding @ webpack-internal:///./node_modules/next/dist/client/components/react-dev-overlay/pages/hot-reloader-client.js:221
[  452433ms] [LOG] [Fast Refresh] rebuilding @ webpack-internal:///./node_modules/next/dist/client/components/react-dev-overlay/pages/hot-reloader-client.js:221
[  452531ms] [ERROR] Error: Abort fetching component for route: "/entregas"
    at handleCancelled (webpack-internal:///./node_modules/next/dist/shared/lib/router/router.js:385:27)
    at Router.fetchComponent (webpack-internal:///./node_modules/next/dist/shared/lib/router/router.js:1323:13)
    at async Router.getRouteInfo (webpack-internal:///./node_modules/next/dist/shared/lib/router/router.js:1067:50)
    at async Router.change (webpack-internal:///./node_modules/next/dist/shared/lib/router/router.js:672:29) @ webpack-internal:///./node_modules/next/dist/client/components/react-dev-overlay/internal/helpers/hydration-error-info.js:62
[  464223ms] [ERROR] Warning: Function components cannot be given refs. Attempts to access this ref will fail. Did you mean to use React.forwardRef()?%s%s 

Check the render method of `DialogClose`. 
    at Button (webpack-internal:///./src/components/ui/button.tsx:42:11)
    at DialogClose (webpack-internal:///./node_modules/@base-ui/react/esm/dialog/close/DialogClose.js:28:5)
    at div
    at FloatingFocusManager (webpack-internal:///./node_modules/@base-ui/react/esm/floating-ui-react/components/FloatingFocusManager.js:143:5)
    at DialogPopup (webpack-internal:///./node_modules/@base-ui/react/esm/dialog/popup/DialogPopup.js:51:5)
    at FloatingPortal (webpack-internal:///./node_modules/@base-ui/react/esm/floating-ui-react/components/FloatingPortal.js:126:5)
    at DialogPortal (webpack-internal:///./node_modules/@base-ui/react/esm/dialog/portal/DialogPortal.js:31:5)
    at DialogPortal (webpack-internal:///./src/components/ui/dialog.tsx:53:14)
    at DialogContent (webpack-internal:///./src/components/ui/dialog.tsx:90:11)
    at DialogRoot (webpack-internal:///./node_modules/@base-ui/react/esm/dialog/root/DialogRoot.js:21:51)
    at Dialog (webpack-internal:///./src/components/ui/dialog.tsx:29:14)
    at div
    at VagasTab (webpack-internal:///./src/pages/comunidade/index.tsx:284:11)
    at div
    at main
    at div
    at div
    at AppShell (webpack-internal:///./src/components/layout/AppShell.tsx:25:11)
    at ComunidadePage (webpack-internal:///./src/pages/comunidade/index.tsx:1534:11)
    at SessionProvider (webpack-internal:///./node_modules/next-auth/react/index.js:365:24)
    at App (webpack-internal:///./src/pages/_app.tsx:17:11)
    at PathnameContextProviderAdapter (webpack-internal:///./node_modules/next/dist/shared/lib/router/adapters.js:81:11)
    at ErrorBoundary (webpack-internal:///./node_modules/next/dist/client/components/react-dev-overlay/pages/ErrorBoundary.js:41:9)
    at ReactDevOverlay (webpack-internal:///./node_modules/next/dist/client/components/react-dev-overlay/pages/ReactDevOverlay.js:33:11)
    at Container (webpack-internal:///./node_modules/next/dist/client/index.js:81:1)
    at AppContainer (webpack-internal:///./node_modules/next/dist/client/index.js:189:11)
    at Root (webpack-internal:///./node_modules/next/dist/client/index.js:413:11) @ webpack-internal:///./node_modules/next/dist/client/components/react-dev-overlay/internal/helpers/hydration-error-info.js:62
