[     205ms] [INFO] %cDownload the React DevTools for a better development experience: https://reactjs.org/link/react-devtools font-weight:bold @ webpack-internal:///./node_modules/react-dom/cjs/react-dom.development.js:29889
[     261ms] [VERBOSE] [DOM] Input elements should have autocomplete attributes (suggested: "current-password"): (More info: https://goo.gl/9p2vKq) %o @ http://localhost:3000/login:0
[     262ms] [LOG] [HMR] connected @ webpack-internal:///./node_modules/next/dist/client/components/react-dev-overlay/pages/websocket.js:38
[    3293ms] [INFO] %cDownload the React DevTools for a better development experience: https://reactjs.org/link/react-devtools font-weight:bold @ webpack-internal:///./node_modules/react-dom/cjs/react-dom.development.js:29889
[    3308ms] [VERBOSE] [DOM] Input elements should have autocomplete attributes (suggested: "current-password"): (More info: https://goo.gl/9p2vKq) %o @ http://localhost:3000/login?callbackUrl=http%3A%2F%2Flocalhost%3A3000%2Fdashboard&error=OAuthSignin:0
[    3309ms] [LOG] [HMR] connected @ webpack-internal:///./node_modules/next/dist/client/components/react-dev-overlay/pages/websocket.js:38
[    4607ms] [INFO] %cDownload the React DevTools for a better development experience: https://reactjs.org/link/react-devtools font-weight:bold @ webpack-internal:///./node_modules/react-dom/cjs/react-dom.development.js:29889
[    4620ms] [VERBOSE] [DOM] Input elements should have autocomplete attributes (suggested: "current-password"): (More info: https://goo.gl/9p2vKq) %o @ http://localhost:3000/login:0
[    4621ms] [LOG] [HMR] connected @ webpack-internal:///./node_modules/next/dist/client/components/react-dev-overlay/pages/websocket.js:38
[   13019ms] [INFO] %cDownload the React DevTools for a better development experience: https://reactjs.org/link/react-devtools font-weight:bold @ webpack-internal:///./node_modules/react-dom/cjs/react-dom.development.js:29889
[   13035ms] [VERBOSE] [DOM] Input elements should have autocomplete attributes (suggested: "current-password"): (More info: https://goo.gl/9p2vKq) %o @ http://localhost:3000/login?callbackUrl=http%3A%2F%2Flocalhost%3A3000%2Fdashboard&error=OAuthSignin:0
[   13036ms] [LOG] [HMR] connected @ webpack-internal:///./node_modules/next/dist/client/components/react-dev-overlay/pages/websocket.js:38
[   13627ms] [LOG] [Fast Refresh] rebuilding @ webpack-internal:///./node_modules/next/dist/client/components/react-dev-overlay/pages/hot-reloader-client.js:221
[   38975ms] [LOG] [Fast Refresh] rebuilding @ webpack-internal:///./node_modules/next/dist/client/components/react-dev-overlay/pages/hot-reloader-client.js:221
[   39211ms] [INFO] %cDownload the React DevTools for a better development experience: https://reactjs.org/link/react-devtools font-weight:bold @ webpack-internal:///./node_modules/react-dom/cjs/react-dom.development.js:29889
[   39232ms] [VERBOSE] [DOM] Input elements should have autocomplete attributes (suggested: "current-password"): (More info: https://goo.gl/9p2vKq) %o @ http://localhost:3000/login?callbackUrl=http%3A%2F%2Flocalhost%3A3000%2Fdashboard&error=OAuthSignin:0
[   39233ms] [LOG] [HMR] connected @ webpack-internal:///./node_modules/next/dist/client/components/react-dev-overlay/pages/websocket.js:38
[  282161ms] [VERBOSE] [DOM] Input elements should have autocomplete attributes (suggested: "new-password"): (More info: https://goo.gl/9p2vKq) %o @ http://localhost:3000/login?callbackUrl=http%3A%2F%2Flocalhost%3A3000%2Fdashboard&error=OAuthSignin:0
[  282161ms] [VERBOSE] [DOM] Input elements should have autocomplete attributes (suggested: "new-password"): (More info: https://goo.gl/9p2vKq) %o @ http://localhost:3000/login?callbackUrl=http%3A%2F%2Flocalhost%3A3000%2Fdashboard&error=OAuthSignin:0
[  282768ms] [VERBOSE] [DOM] Input elements should have autocomplete attributes (suggested: "current-password"): (More info: https://goo.gl/9p2vKq) %o @ http://localhost:3000/login?callbackUrl=http%3A%2F%2Flocalhost%3A3000%2Fdashboard&error=OAuthSignin:0
[  283640ms] [INFO] %cDownload the React DevTools for a better development experience: https://reactjs.org/link/react-devtools font-weight:bold @ webpack-internal:///./node_modules/react-dom/cjs/react-dom.development.js:29889
[  283659ms] [VERBOSE] [DOM] Input elements should have autocomplete attributes (suggested: "current-password"): (More info: https://goo.gl/9p2vKq) %o @ http://localhost:3000/login?callbackUrl=http%3A%2F%2Flocalhost%3A3000%2Fdashboard&error=OAuthSignin:0
[  283660ms] [LOG] [HMR] connected @ webpack-internal:///./node_modules/next/dist/client/components/react-dev-overlay/pages/websocket.js:38
[  284231ms] [INFO] %cDownload the React DevTools for a better development experience: https://reactjs.org/link/react-devtools font-weight:bold @ webpack-internal:///./node_modules/react-dom/cjs/react-dom.development.js:29889
[  284246ms] [VERBOSE] [DOM] Input elements should have autocomplete attributes (suggested: "current-password"): (More info: https://goo.gl/9p2vKq) %o @ http://localhost:3000/login?callbackUrl=http%3A%2F%2Flocalhost%3A3000%2Fdashboard&error=OAuthSignin:0
[  284247ms] [LOG] [HMR] connected @ webpack-internal:///./node_modules/next/dist/client/components/react-dev-overlay/pages/websocket.js:38
[  284775ms] [INFO] %cDownload the React DevTools for a better development experience: https://reactjs.org/link/react-devtools font-weight:bold @ webpack-internal:///./node_modules/react-dom/cjs/react-dom.development.js:29889
[  284787ms] [VERBOSE] [DOM] Input elements should have autocomplete attributes (suggested: "current-password"): (More info: https://goo.gl/9p2vKq) %o @ http://localhost:3000/login?callbackUrl=http%3A%2F%2Flocalhost%3A3000%2Fdashboard&error=OAuthSignin:0
[  284788ms] [LOG] [HMR] connected @ webpack-internal:///./node_modules/next/dist/client/components/react-dev-overlay/pages/websocket.js:38
[  285266ms] [INFO] %cDownload the React DevTools for a better development experience: https://reactjs.org/link/react-devtools font-weight:bold @ webpack-internal:///./node_modules/react-dom/cjs/react-dom.development.js:29889
[  285279ms] [VERBOSE] [DOM] Input elements should have autocomplete attributes (suggested: "current-password"): (More info: https://goo.gl/9p2vKq) %o @ http://localhost:3000/login?callbackUrl=http%3A%2F%2Flocalhost%3A3000%2Fdashboard&error=OAuthSignin:0
[  285280ms] [LOG] [HMR] connected @ webpack-internal:///./node_modules/next/dist/client/components/react-dev-overlay/pages/websocket.js:38
[  299228ms] [VERBOSE] [DOM] Password field is not contained in a form: (More info: https://goo.gl/9p2vKq) %o @ https://accounts.google.com/v3/signin/identifier?opparams=%253F&dsh=S1426374060%3A1781049277840440&client_id=439592955955-ivoi93ujai573amonpi7q7uefja71p1g.apps.googleusercontent.com&code_challenge=G5Jgq1mI_bzBVhIzh1VZ1F48_IcYGVlNhHs9RlRtyUE&code_challenge_method=S256&o2v=2&redirect_uri=http%3A%2F%2Flocalhost%3A3000%2Fapi%2Fauth%2Fcallback%2Fgoogle&response_type=code&scope=openid+email+profile&service=lso&state=_YWCwHXZbo1dccRHEAVx376nY1PGBy9cWtN-ShE9BuU&flowName=GeneralOAuthFlow&continue=https%3A%2F%2Faccounts.google.com%2Fsignin%2Foauth%2Fconsent%3Fauthuser%3Dunknown%26part%3DAJi8hAPgBD9RVfrlqiaNBC2IY9k_SIyK0qBiw42CrapjJsxnJsAq7QvlGzfGCulAyo_aI90F1qkPiQoikZcBC8tZJNQ6l2G9gq77KAFV5y4Pi0vyPfhdaZUSN5-HTeUfrba4qsfvHD22-2nKBJZaEI8cQk3ywNvEW07bPTWxAwNgllMcJjo1TI0MrQxMI_hnLEzHjyKlxLwaq2Spe4OoIfrkHvlxxgBWTeCRxztYZqv6uwkMMKVTJNVMwl_KrXyOfaDyRH1328IDcf5xyT037tioGni3jopomx-id3KM1xHtzuswucZrUawAab5njCYkOzaL2-vS3fiG_O3nfbJ-BQsO-Lu2B-g48vS40tq5eDrgNxO6VH39KBk7T-df2f9a1SU5ZBrPRh_EorlavA1yzl7Gqyh0z7fQxks4ygRchUBqy5cDuCjn3sUgS7XGkMulq_XoVqSp1ES8ZBIu4_jDdvU73RiM5DH8iw%26flowName%3DGeneralOAuthFlow%26as%3DS1426374060%253A1781049277840440%26client_id%3D439592955955-ivoi93ujai573amonpi7q7uefja71p1g.apps.googleusercontent.com%26requestPath%3D%252Fsignin%252Foauth%252Fconsent%23&app_domain=http%3A%2F%2Flocalhost%3A3000&rart=ANgoxceaUkg-iWq9kX38q90sXOY4u1qKFBXOz-XWEZlskyyKdD87xHkHDZltcGhi1_v4RzkB6fD8nu1_bpP41CwXZ51FnodLaJMBO56V6TQvf0wxKY7Us8g:0
[  299235ms] [LOG] %c%s color: red; background: yellow; font-size: 24px; AVISO @ https://www.gstatic.com/_/mss/boq-identity/_/js/k=boq-identity.AccountsSignInUi.pt_BR.qfs3D55PnpA.es5.O/am=EQ0AAAAMin-EDAD-__4bAIAAgmwHfM8CaAKEDAAAAAAAAAAAWAAAgEY/d=1/excm=_b,_tp,identifierview/ed=1/dg=0/wt=2/ujg=1/rs=AOaEmlE4FgRfNePD2MDP_JmLcIDdKBAKmg/dti=1/m=_b,_tp:549
[  299235ms] [LOG] %c%s font-size: 18px; O uso deste console pode permitir que invasores falsifiquem sua identidade para roubar informações por meio de um ataque chamado Self-XSS.
Não insira nem cole códigos que você não conheça. @ https://www.gstatic.com/_/mss/boq-identity/_/js/k=boq-identity.AccountsSignInUi.pt_BR.qfs3D55PnpA.es5.O/am=EQ0AAAAMin-EDAD-__4bAIAAgmwHfM8CaAKEDAAAAAAAAAAAWAAAgEY/d=1/excm=_b,_tp,identifierview/ed=1/dg=0/wt=2/ujg=1/rs=AOaEmlE4FgRfNePD2MDP_JmLcIDdKBAKmg/dti=1/m=_b,_tp:549
[  301539ms] [INFO] %cDownload the React DevTools for a better development experience: https://reactjs.org/link/react-devtools font-weight:bold @ webpack-internal:///./node_modules/react-dom/cjs/react-dom.development.js:29889
[  301594ms] [VERBOSE] [DOM] Input elements should have autocomplete attributes (suggested: "current-password"): (More info: https://goo.gl/9p2vKq) %o @ http://localhost:3000/login?callbackUrl=http%3A%2F%2Flocalhost%3A3000%2Fdashboard&error=OAuthSignin:0
[  301595ms] [LOG] [HMR] connected @ webpack-internal:///./node_modules/next/dist/client/components/react-dev-overlay/pages/websocket.js:38
