[     213ms] [INFO] %cDownload the React DevTools for a better development experience: https://reactjs.org/link/react-devtools font-weight:bold @ webpack-internal:///./node_modules/react-dom/cjs/react-dom.development.js:29889
[     288ms] [LOG] [HMR] connected @ webpack-internal:///./node_modules/next/dist/client/components/react-dev-overlay/pages/websocket.js:38
[   16532ms] [LOG] [Fast Refresh] rebuilding @ webpack-internal:///./node_modules/next/dist/client/components/react-dev-overlay/pages/hot-reloader-client.js:221
[   16621ms] [LOG] [Fast Refresh] done in 90ms @ webpack-internal:///./node_modules/next/dist/client/components/react-dev-overlay/pages/hot-reloader-client.js:190
[   16633ms] [LOG] [Fast Refresh] rebuilding @ webpack-internal:///./node_modules/next/dist/client/components/react-dev-overlay/pages/hot-reloader-client.js:221
[   16898ms] [LOG] [Fast Refresh] rebuilding @ webpack-internal:///./node_modules/next/dist/client/components/react-dev-overlay/pages/hot-reloader-client.js:221
[   17002ms] [ERROR] Failed to load resource: the server responded with a status of 500 (Internal Server Error) @ http://localhost:3000/_next/data/development/comunidade/loja/cmq36ffah0000tafz4axxilh8.json?id=cmq36ffah0000tafz4axxilh8:0
[   17003ms] [ERROR] Error: Failed to load static props
    at eval (webpack-internal:///./node_modules/next/dist/shared/lib/router/router.js:310:35)
    at async eval (webpack-internal:///./node_modules/next/dist/shared/lib/router/router.js:1102:37)
    at async Router.getRouteInfo (webpack-internal:///./node_modules/next/dist/shared/lib/router/router.js:1086:41)
    at async Router.change (webpack-internal:///./node_modules/next/dist/shared/lib/router/router.js:672:29) @ webpack-internal:///./node_modules/next/dist/client/components/react-dev-overlay/internal/helpers/hydration-error-info.js:62
[   17034ms] [ERROR] Failed to load resource: the server responded with a status of 500 (Internal Server Error) @ http://localhost:3000/comunidade/loja/cmq36ffah0000tafz4axxilh8:0
[   17144ms] [INFO] %cDownload the React DevTools for a better development experience: https://reactjs.org/link/react-devtools font-weight:bold @ webpack-internal:///./node_modules/react-dom/cjs/react-dom.development.js:29889
[   17161ms] Error: Error serializing `.userId` returned from `getServerSideProps` in "/comunidade/loja/[id]".
Reason: `undefined` cannot be serialized as JSON. Please use `null` or omit this value.
    at r (file://C:\Users\Administrator\Documents\GitHub\Condo\node_modules\next\dist\compiled\next-server\pages.runtime.dev.js:8:446)
    at <unknown> (file://C:\Users\Administrator\Documents\GitHub\Condo\node_modules\next\dist\compiled\next-server\pages.runtime.dev.js:8:683)
    at Array.every (<anonymous>)
    at r (file://C:\Users\Administrator\Documents\GitHub\Condo\node_modules\next\dist\compiled\next-server\pages.runtime.dev.js:8:580)
    at $ (file://C:\Users\Administrator\Documents\GitHub\Condo\node_modules\next\dist\compiled\next-server\pages.runtime.dev.js:8:1100)
    at e8 (file://C:\Users\Administrator\Documents\GitHub\Condo\node_modules\next\dist\compiled\next-server\pages.runtime.dev.js:25:1540)
    at async doRender (file://C:\Users\Administrator\Documents\GitHub\Condo\node_modules\next\dist\server\base-server.js:1414:30)
    at async cacheEntry.responseCache.get.routeKind (file://C:\Users\Administrator\Documents\GitHub\Condo\node_modules\next\dist\server\base-server.js:1588:28)
    at async DevServer.renderToResponseWithComponentsImpl (file://C:\Users\Administrator\Documents\GitHub\Condo\node_modules\next\dist\server\base-server.js:1496:28)
    at async DevServer.renderPageComponent (file://C:\Users\Administrator\Documents\GitHub\Condo\node_modules\next\dist\server\base-server.js:1924:24)
    at async DevServer.renderToResponseImpl (file://C:\Users\Administrator\Documents\GitHub\Condo\node_modules\next\dist\server\base-server.js:1962:32)
    at async DevServer.pipeImpl (file://C:\Users\Administrator\Documents\GitHub\Condo\node_modules\next\dist\server\base-server.js:922:25)
    at async NextNodeServer.handleCatchallRenderRequest (file://C:\Users\Administrator\Documents\GitHub\Condo\node_modules\next\dist\server\next-server.js:272:17)
    at async DevServer.handleRequestImpl (file://C:\Users\Administrator\Documents\GitHub\Condo\node_modules\next\dist\server\base-server.js:818:17)
    at async (file://C:\Users\Administrator\Documents\GitHub\Condo\node_modules\next\dist\server\dev\next-dev-server.js:339:20)
[   17161ms] [LOG] [HMR] connected @ webpack-internal:///./node_modules/next/dist/client/components/react-dev-overlay/pages/websocket.js:38
[   81055ms] [LOG] [Fast Refresh] rebuilding @ webpack-internal:///./node_modules/next/dist/client/components/react-dev-overlay/pages/hot-reloader-client.js:221
[   81218ms] [WARNING] [Fast Refresh] performing full reload because your application had an unrecoverable error @ webpack-internal:///./node_modules/next/dist/client/components/react-dev-overlay/pages/hot-reloader-client.js:349
[   81277ms] [LOG] [Fast Refresh] rebuilding @ webpack-internal:///./node_modules/next/dist/client/components/react-dev-overlay/pages/hot-reloader-client.js:221
[   81434ms] [WARNING] [Fast Refresh] performing full reload because your application had an unrecoverable error @ webpack-internal:///./node_modules/next/dist/client/page-bootstrap.js:89
[   81588ms] [INFO] %cDownload the React DevTools for a better development experience: https://reactjs.org/link/react-devtools font-weight:bold @ webpack-internal:///./node_modules/react-dom/cjs/react-dom.development.js:29889
[   81611ms] [LOG] [HMR] connected @ webpack-internal:///./node_modules/next/dist/client/components/react-dev-overlay/pages/websocket.js:38
[   85635ms] [LOG] [Fast Refresh] rebuilding @ webpack-internal:///./node_modules/next/dist/client/components/react-dev-overlay/pages/hot-reloader-client.js:221
[   85831ms] [LOG] Refreshing page data due to server-side change @ webpack-internal:///./node_modules/next/dist/client/page-bootstrap.js:100
[   85846ms] [LOG] [Fast Refresh] rebuilding @ webpack-internal:///./node_modules/next/dist/client/components/react-dev-overlay/pages/hot-reloader-client.js:221
[   85855ms] [LOG] [Fast Refresh] done in 9ms @ webpack-internal:///./node_modules/next/dist/client/components/react-dev-overlay/pages/hot-reloader-client.js:190
[   85903ms] [LOG] [Fast Refresh] rebuilding @ webpack-internal:///./node_modules/next/dist/client/components/react-dev-overlay/pages/hot-reloader-client.js:221
