[     365ms] [ERROR] Failed to load resource: the server responded with a status of 500 (Internal Server Error) @ http://localhost:3005/comunidade:0
[     544ms] [INFO] %cDownload the React DevTools for a better development experience: https://reactjs.org/link/react-devtools font-weight:bold @ webpack-internal:///./node_modules/react-dom/cjs/react-dom.development.js:29889
[     590ms] Error: Error serializing `.perfil` returned from `getServerSideProps` in "/comunidade".
Reason: `undefined` cannot be serialized as JSON. Please use `null` or omit this value.
    at r (file://C:\Users\Administrator\Documents\GitHub\Condo\node_modules\next\dist\compiled\next-server\pages.runtime.dev.js:8:446)
    at <unknown> (file://C:\Users\Administrator\Documents\GitHub\Condo\node_modules\next\dist\compiled\next-server\pages.runtime.dev.js:8:683)
    at Array.every (<anonymous>)
    at r (file://C:\Users\Administrator\Documents\GitHub\Condo\node_modules\next\dist\compiled\next-server\pages.runtime.dev.js:8:580)
    at $ (file://C:\Users\Administrator\Documents\GitHub\Condo\node_modules\next\dist\compiled\next-server\pages.runtime.dev.js:8:1100)
    at e8 (file://C:\Users\Administrator\Documents\GitHub\Condo\node_modules\next\dist\compiled\next-server\pages.runtime.dev.js:25:1540)
    at async doRender (file://C:\Users\Administrator\Documents\GitHub\Condo\node_modules\next\dist\server\base-server.js:1414:30)
    at async cacheEntry.responseCache.get.routeKind (file://C:\Users\Administrator\Documents\GitHub\Condo\node_modules\next\dist\server\base-server.js:1588:28)
    at async DevServer.renderToResponseWithComponentsImpl (file://C:\Users\Administrator\Documents\GitHub\Condo\node_modules\next\dist\server\base-server.js:1496:28)
    at async DevServer.renderPageComponent (file://C:\Users\Administrator\Documents\GitHub\Condo\node_modules\next\dist\server\base-server.js:1924:24)
    at async DevServer.renderToResponseImpl (file://C:\Users\Administrator\Documents\GitHub\Condo\node_modules\next\dist\server\base-server.js:1962:32)
    at async DevServer.pipeImpl (file://C:\Users\Administrator\Documents\GitHub\Condo\node_modules\next\dist\server\base-server.js:922:25)
    at async NextNodeServer.handleCatchallRenderRequest (file://C:\Users\Administrator\Documents\GitHub\Condo\node_modules\next\dist\server\next-server.js:272:17)
    at async DevServer.handleRequestImpl (file://C:\Users\Administrator\Documents\GitHub\Condo\node_modules\next\dist\server\base-server.js:818:17)
    at async (file://C:\Users\Administrator\Documents\GitHub\Condo\node_modules\next\dist\server\dev\next-dev-server.js:339:20)
[     591ms] [LOG] [HMR] connected @ webpack-internal:///./node_modules/next/dist/client/components/react-dev-overlay/pages/websocket.js:38
[   37698ms] [LOG] [Fast Refresh] rebuilding @ webpack-internal:///./node_modules/next/dist/client/components/react-dev-overlay/pages/hot-reloader-client.js:221
[   37954ms] [WARNING] [Fast Refresh] performing full reload because your application had an unrecoverable error @ webpack-internal:///./node_modules/next/dist/client/page-bootstrap.js:89
[   37964ms] [WARNING] [Fast Refresh] performing full reload because your application had an unrecoverable error @ webpack-internal:///./node_modules/next/dist/client/components/react-dev-overlay/pages/hot-reloader-client.js:349
[   38000ms] [LOG] [Fast Refresh] rebuilding @ webpack-internal:///./node_modules/next/dist/client/components/react-dev-overlay/pages/hot-reloader-client.js:221
[   38080ms] [WARNING] [Fast Refresh] performing full reload because your application had an unrecoverable error @ webpack-internal:///./node_modules/next/dist/client/components/react-dev-overlay/pages/hot-reloader-client.js:349
[   38089ms] [LOG] [Fast Refresh] rebuilding @ webpack-internal:///./node_modules/next/dist/client/components/react-dev-overlay/pages/hot-reloader-client.js:221
[   38217ms] [LOG] [Fast Refresh] rebuilding @ webpack-internal:///./node_modules/next/dist/client/components/react-dev-overlay/pages/hot-reloader-client.js:221
[   38450ms] [WARNING] [Fast Refresh] performing full reload because your application had an unrecoverable error @ webpack-internal:///./node_modules/next/dist/client/components/react-dev-overlay/pages/hot-reloader-client.js:349
[   38453ms] [LOG] [Fast Refresh] rebuilding @ webpack-internal:///./node_modules/next/dist/client/components/react-dev-overlay/pages/hot-reloader-client.js:221
[   38786ms] [INFO] %cDownload the React DevTools for a better development experience: https://reactjs.org/link/react-devtools font-weight:bold @ webpack-internal:///./node_modules/react-dom/cjs/react-dom.development.js:29889
[   38811ms] [LOG] [HMR] connected @ webpack-internal:///./node_modules/next/dist/client/components/react-dev-overlay/pages/websocket.js:38
