[     140ms] [INFO] %cDownload the React DevTools for a better development experience: https://reactjs.org/link/react-devtools font-weight:bold @ webpack-internal:///./node_modules/react-dom/cjs/react-dom.development.js:29889
[     161ms] [LOG] [HMR] connected @ webpack-internal:///./node_modules/next/dist/client/components/react-dev-overlay/pages/websocket.js:38
[    7482ms] [ERROR] Warning: Function components cannot be given refs. Attempts to access this ref will fail. Did you mean to use React.forwardRef()?%s%s 

Check the render method of `DialogClose`. 
    at Button (webpack-internal:///./src/components/ui/button.tsx:42:11)
    at DialogClose (webpack-internal:///./node_modules/@base-ui/react/esm/dialog/close/DialogClose.js:28:5)
    at div
    at FloatingFocusManager (webpack-internal:///./node_modules/@base-ui/react/esm/floating-ui-react/components/FloatingFocusManager.js:143:5)
    at DialogPopup (webpack-internal:///./node_modules/@base-ui/react/esm/dialog/popup/DialogPopup.js:51:5)
    at FloatingPortal (webpack-internal:///./node_modules/@base-ui/react/esm/floating-ui-react/components/FloatingPortal.js:126:5)
    at DialogPortal (webpack-internal:///./node_modules/@base-ui/react/esm/dialog/portal/DialogPortal.js:31:5)
    at DialogPortal (webpack-internal:///./src/components/ui/dialog.tsx:53:14)
    at DialogContent (webpack-internal:///./src/components/ui/dialog.tsx:90:11)
    at DialogRoot (webpack-internal:///./node_modules/@base-ui/react/esm/dialog/root/DialogRoot.js:21:51)
    at Dialog (webpack-internal:///./src/components/ui/dialog.tsx:29:14)
    at div
    at VagasTab (webpack-internal:///./src/pages/comunidade/index.tsx:284:11)
    at div
    at main
    at div
    at div
    at AppShell (webpack-internal:///./src/components/layout/AppShell.tsx:25:11)
    at ComunidadePage (webpack-internal:///./src/pages/comunidade/index.tsx:1688:11)
    at SessionProvider (webpack-internal:///./node_modules/next-auth/react/index.js:365:24)
    at App (webpack-internal:///./src/pages/_app.tsx:17:11)
    at PathnameContextProviderAdapter (webpack-internal:///./node_modules/next/dist/shared/lib/router/adapters.js:81:11)
    at ErrorBoundary (webpack-internal:///./node_modules/next/dist/client/components/react-dev-overlay/pages/ErrorBoundary.js:41:9)
    at ReactDevOverlay (webpack-internal:///./node_modules/next/dist/client/components/react-dev-overlay/pages/ReactDevOverlay.js:33:11)
    at Container (webpack-internal:///./node_modules/next/dist/client/index.js:81:1)
    at AppContainer (webpack-internal:///./node_modules/next/dist/client/index.js:189:11)
    at Root (webpack-internal:///./node_modules/next/dist/client/index.js:413:11) @ webpack-internal:///./node_modules/next/dist/client/components/react-dev-overlay/internal/helpers/hydration-error-info.js:62
[  511136ms] [LOG] [Fast Refresh] rebuilding @ webpack-internal:///./node_modules/next/dist/client/components/react-dev-overlay/pages/hot-reloader-client.js:221
[  511286ms] [LOG] [Fast Refresh] done in 150ms @ webpack-internal:///./node_modules/next/dist/client/components/react-dev-overlay/pages/hot-reloader-client.js:190
[  514969ms] [LOG] [Fast Refresh] rebuilding @ webpack-internal:///./node_modules/next/dist/client/components/react-dev-overlay/pages/hot-reloader-client.js:221
[  519036ms] [LOG] [Fast Refresh] rebuilding @ webpack-internal:///./node_modules/next/dist/client/components/react-dev-overlay/pages/hot-reloader-client.js:221
[  521110ms] [LOG] [Fast Refresh] rebuilding @ webpack-internal:///./node_modules/next/dist/client/components/react-dev-overlay/pages/hot-reloader-client.js:221
[  525301ms] [LOG] [Fast Refresh] rebuilding @ webpack-internal:///./node_modules/next/dist/client/components/react-dev-overlay/pages/hot-reloader-client.js:221
[  673540ms] [LOG] [Fast Refresh] rebuilding @ webpack-internal:///./node_modules/next/dist/client/components/react-dev-overlay/pages/hot-reloader-client.js:221
[  674231ms] [LOG] [Fast Refresh] rebuilding @ webpack-internal:///./node_modules/next/dist/client/components/react-dev-overlay/pages/hot-reloader-client.js:221
[  678321ms] [LOG] [Fast Refresh] rebuilding @ webpack-internal:///./node_modules/next/dist/client/components/react-dev-overlay/pages/hot-reloader-client.js:221
[  678598ms] [LOG] [Fast Refresh] rebuilding @ webpack-internal:///./node_modules/next/dist/client/components/react-dev-overlay/pages/hot-reloader-client.js:221
[  678873ms] [LOG] [Fast Refresh] rebuilding @ webpack-internal:///./node_modules/next/dist/client/components/react-dev-overlay/pages/hot-reloader-client.js:221
[  856554ms] [LOG] [Fast Refresh] rebuilding @ webpack-internal:///./node_modules/next/dist/client/components/react-dev-overlay/pages/hot-reloader-client.js:221
[  856825ms] [LOG] [Fast Refresh] done in 270ms @ webpack-internal:///./node_modules/next/dist/client/components/react-dev-overlay/pages/hot-reloader-client.js:190
[  865171ms] [LOG] [Fast Refresh] rebuilding @ webpack-internal:///./node_modules/next/dist/client/components/react-dev-overlay/pages/hot-reloader-client.js:221
[  865537ms] [LOG] [Fast Refresh] done in 365ms @ webpack-internal:///./node_modules/next/dist/client/components/react-dev-overlay/pages/hot-reloader-client.js:190
[  870702ms] [LOG] [Fast Refresh] rebuilding @ webpack-internal:///./node_modules/next/dist/client/components/react-dev-overlay/pages/hot-reloader-client.js:221
[  870879ms] [LOG] [Fast Refresh] done in 177ms @ webpack-internal:///./node_modules/next/dist/client/components/react-dev-overlay/pages/hot-reloader-client.js:190
[  878019ms] [LOG] [Fast Refresh] rebuilding @ webpack-internal:///./node_modules/next/dist/client/components/react-dev-overlay/pages/hot-reloader-client.js:221
[  878232ms] [LOG] [Fast Refresh] done in 213ms @ webpack-internal:///./node_modules/next/dist/client/components/react-dev-overlay/pages/hot-reloader-client.js:190
[  888859ms] [LOG] [Fast Refresh] rebuilding @ webpack-internal:///./node_modules/next/dist/client/components/react-dev-overlay/pages/hot-reloader-client.js:221
[  889044ms] [LOG] [Fast Refresh] done in 185ms @ webpack-internal:///./node_modules/next/dist/client/components/react-dev-overlay/pages/hot-reloader-client.js:190
[  899331ms] [LOG] [Fast Refresh] rebuilding @ webpack-internal:///./node_modules/next/dist/client/components/react-dev-overlay/pages/hot-reloader-client.js:221
[  899631ms] [LOG] [Fast Refresh] done in 300ms @ webpack-internal:///./node_modules/next/dist/client/components/react-dev-overlay/pages/hot-reloader-client.js:190
[  905510ms] [LOG] [Fast Refresh] rebuilding @ webpack-internal:///./node_modules/next/dist/client/components/react-dev-overlay/pages/hot-reloader-client.js:221
[  905653ms] [LOG] [Fast Refresh] done in 143ms @ webpack-internal:///./node_modules/next/dist/client/components/react-dev-overlay/pages/hot-reloader-client.js:190
[  993894ms] [INFO] %cDownload the React DevTools for a better development experience: https://reactjs.org/link/react-devtools font-weight:bold @ webpack-internal:///./node_modules/react-dom/cjs/react-dom.development.js:29889
[  993970ms] [LOG] [HMR] connected @ webpack-internal:///./node_modules/next/dist/client/components/react-dev-overlay/pages/websocket.js:38
[  995870ms] [ERROR] Warning: Function components cannot be given refs. Attempts to access this ref will fail. Did you mean to use React.forwardRef()?%s%s 

Check the render method of `DialogClose`. 
    at Button (webpack-internal:///./src/components/ui/button.tsx:42:11)
    at DialogClose (webpack-internal:///./node_modules/@base-ui/react/esm/dialog/close/DialogClose.js:28:5)
    at div
    at FloatingFocusManager (webpack-internal:///./node_modules/@base-ui/react/esm/floating-ui-react/components/FloatingFocusManager.js:143:5)
    at DialogPopup (webpack-internal:///./node_modules/@base-ui/react/esm/dialog/popup/DialogPopup.js:51:5)
    at FloatingPortal (webpack-internal:///./node_modules/@base-ui/react/esm/floating-ui-react/components/FloatingPortal.js:126:5)
    at DialogPortal (webpack-internal:///./node_modules/@base-ui/react/esm/dialog/portal/DialogPortal.js:31:5)
    at DialogPortal (webpack-internal:///./src/components/ui/dialog.tsx:53:14)
    at DialogContent (webpack-internal:///./src/components/ui/dialog.tsx:90:11)
    at DialogRoot (webpack-internal:///./node_modules/@base-ui/react/esm/dialog/root/DialogRoot.js:21:51)
    at Dialog (webpack-internal:///./src/components/ui/dialog.tsx:29:14)
    at div
    at LojaTab (webpack-internal:///./src/pages/comunidade/index.tsx:1001:11)
    at div
    at main
    at div
    at div
    at AppShell (webpack-internal:///./src/components/layout/AppShell.tsx:25:11)
    at ComunidadePage (webpack-internal:///./src/pages/comunidade/index.tsx:1805:11)
    at SessionProvider (webpack-internal:///./node_modules/next-auth/react/index.js:365:24)
    at App (webpack-internal:///./src/pages/_app.tsx:17:11)
    at PathnameContextProviderAdapter (webpack-internal:///./node_modules/next/dist/shared/lib/router/adapters.js:81:11)
    at ErrorBoundary (webpack-internal:///./node_modules/next/dist/client/components/react-dev-overlay/pages/ErrorBoundary.js:41:9)
    at ReactDevOverlay (webpack-internal:///./node_modules/next/dist/client/components/react-dev-overlay/pages/ReactDevOverlay.js:33:11)
    at Container (webpack-internal:///./node_modules/next/dist/client/index.js:81:1)
    at AppContainer (webpack-internal:///./node_modules/next/dist/client/index.js:189:11)
    at Root (webpack-internal:///./node_modules/next/dist/client/index.js:413:11) @ webpack-internal:///./node_modules/next/dist/client/components/react-dev-overlay/internal/helpers/hydration-error-info.js:62
