[       9ms] [LOG] [Fast Refresh] rebuilding @ webpack-internal:///./node_modules/next/dist/client/components/react-dev-overlay/pages/hot-reloader-client.js:221
[     637ms] [INFO] %cDownload the React DevTools for a better development experience: https://reactjs.org/link/react-devtools font-weight:bold @ webpack-internal:///./node_modules/react-dom/cjs/react-dom.development.js:29889
[     719ms] [LOG] [HMR] connected @ webpack-internal:///./node_modules/next/dist/client/components/react-dev-overlay/pages/websocket.js:38
[    9921ms] [ERROR] Warning: Function components cannot be given refs. Attempts to access this ref will fail. Did you mean to use React.forwardRef()?%s%s 

Check the render method of `DialogClose`. 
    at Button (webpack-internal:///./src/components/ui/button.tsx:42:11)
    at DialogClose (webpack-internal:///./node_modules/@base-ui/react/esm/dialog/close/DialogClose.js:28:5)
    at div
    at FloatingFocusManager (webpack-internal:///./node_modules/@base-ui/react/esm/floating-ui-react/components/FloatingFocusManager.js:143:5)
    at DialogPopup (webpack-internal:///./node_modules/@base-ui/react/esm/dialog/popup/DialogPopup.js:51:5)
    at FloatingPortal (webpack-internal:///./node_modules/@base-ui/react/esm/floating-ui-react/components/FloatingPortal.js:126:5)
    at DialogPortal (webpack-internal:///./node_modules/@base-ui/react/esm/dialog/portal/DialogPortal.js:31:5)
    at DialogPortal (webpack-internal:///./src/components/ui/dialog.tsx:53:14)
    at DialogContent (webpack-internal:///./src/components/ui/dialog.tsx:90:11)
    at DialogRoot (webpack-internal:///./node_modules/@base-ui/react/esm/dialog/root/DialogRoot.js:21:51)
    at Dialog (webpack-internal:///./src/components/ui/dialog.tsx:29:14)
    at ConfirmDialog (webpack-internal:///./src/components/ui/confirm-dialog.tsx:13:11)
    at div
    at VagasTab (webpack-internal:///./src/pages/comunidade/index.tsx:289:11)
    at div
    at main
    at div
    at div
    at AppShell (webpack-internal:///./src/components/layout/AppShell.tsx:25:11)
    at ComunidadePage (webpack-internal:///./src/pages/comunidade/index.tsx:1732:11)
    at SessionProvider (webpack-internal:///./node_modules/next-auth/react/index.js:365:24)
    at App (webpack-internal:///./src/pages/_app.tsx:17:11)
    at PathnameContextProviderAdapter (webpack-internal:///./node_modules/next/dist/shared/lib/router/adapters.js:81:11)
    at ErrorBoundary (webpack-internal:///./node_modules/next/dist/client/components/react-dev-overlay/pages/ErrorBoundary.js:41:9)
    at ReactDevOverlay (webpack-internal:///./node_modules/next/dist/client/components/react-dev-overlay/pages/ReactDevOverlay.js:33:11)
    at Container (webpack-internal:///./node_modules/next/dist/client/index.js:81:1)
    at AppContainer (webpack-internal:///./node_modules/next/dist/client/index.js:189:11)
    at Root (webpack-internal:///./node_modules/next/dist/client/index.js:413:11) @ webpack-internal:///./node_modules/next/dist/client/components/react-dev-overlay/internal/helpers/hydration-error-info.js:62
[  106247ms] [LOG] [Fast Refresh] rebuilding @ webpack-internal:///./node_modules/next/dist/client/components/react-dev-overlay/pages/hot-reloader-client.js:221
[  106503ms] [LOG] [Fast Refresh] rebuilding @ webpack-internal:///./node_modules/next/dist/client/components/react-dev-overlay/pages/hot-reloader-client.js:221
[  106718ms] [LOG] [Fast Refresh] rebuilding @ webpack-internal:///./node_modules/next/dist/client/components/react-dev-overlay/pages/hot-reloader-client.js:221
[  106829ms] [ERROR] Error: Abort fetching component for route: "/visitantes"
    at handleCancelled (webpack-internal:///./node_modules/next/dist/shared/lib/router/router.js:385:27)
    at Router.fetchComponent (webpack-internal:///./node_modules/next/dist/shared/lib/router/router.js:1323:13)
    at async Router.getRouteInfo (webpack-internal:///./node_modules/next/dist/shared/lib/router/router.js:1067:50)
    at async Router.change (webpack-internal:///./node_modules/next/dist/shared/lib/router/router.js:672:29) @ webpack-internal:///./node_modules/next/dist/client/components/react-dev-overlay/internal/helpers/hydration-error-info.js:62
[  106831ms] [ERROR] Error: Abort fetching component for route: "/reservas"
    at handleCancelled (webpack-internal:///./node_modules/next/dist/shared/lib/router/router.js:385:27)
    at Router.fetchComponent (webpack-internal:///./node_modules/next/dist/shared/lib/router/router.js:1323:13)
    at async Router.getRouteInfo (webpack-internal:///./node_modules/next/dist/shared/lib/router/router.js:1067:50)
    at async Router.change (webpack-internal:///./node_modules/next/dist/shared/lib/router/router.js:672:29) @ webpack-internal:///./node_modules/next/dist/client/components/react-dev-overlay/internal/helpers/hydration-error-info.js:62
[  107390ms] [LOG] [Fast Refresh] rebuilding @ webpack-internal:///./node_modules/next/dist/client/components/react-dev-overlay/pages/hot-reloader-client.js:221
[  462881ms] [LOG] [Fast Refresh] rebuilding @ webpack-internal:///./node_modules/next/dist/client/components/react-dev-overlay/pages/hot-reloader-client.js:221
[  463331ms] [LOG] [Fast Refresh] done in 451ms @ webpack-internal:///./node_modules/next/dist/client/components/react-dev-overlay/pages/hot-reloader-client.js:190
[  483202ms] [LOG] [Fast Refresh] rebuilding @ webpack-internal:///./node_modules/next/dist/client/components/react-dev-overlay/pages/hot-reloader-client.js:221
[  483348ms] [LOG] [Fast Refresh] done in 146ms @ webpack-internal:///./node_modules/next/dist/client/components/react-dev-overlay/pages/hot-reloader-client.js:190
[  504651ms] [LOG] [Fast Refresh] rebuilding @ webpack-internal:///./node_modules/next/dist/client/components/react-dev-overlay/pages/hot-reloader-client.js:221
[  504917ms] [LOG] [Fast Refresh] done in 265ms @ webpack-internal:///./node_modules/next/dist/client/components/react-dev-overlay/pages/hot-reloader-client.js:190
[  535805ms] [LOG] [Fast Refresh] rebuilding @ webpack-internal:///./node_modules/next/dist/client/components/react-dev-overlay/pages/hot-reloader-client.js:221
[  535999ms] [LOG] [Fast Refresh] done in 195ms @ webpack-internal:///./node_modules/next/dist/client/components/react-dev-overlay/pages/hot-reloader-client.js:190
[  561987ms] [LOG] [Fast Refresh] rebuilding @ webpack-internal:///./node_modules/next/dist/client/components/react-dev-overlay/pages/hot-reloader-client.js:221
[  566373ms] [LOG] [Fast Refresh] rebuilding @ webpack-internal:///./node_modules/next/dist/client/components/react-dev-overlay/pages/hot-reloader-client.js:221
[  598566ms] [LOG] [Fast Refresh] rebuilding @ webpack-internal:///./node_modules/next/dist/client/components/react-dev-overlay/pages/hot-reloader-client.js:221
[  598855ms] [LOG] [Fast Refresh] done in 289ms @ webpack-internal:///./node_modules/next/dist/client/components/react-dev-overlay/pages/hot-reloader-client.js:190
[  604531ms] [LOG] [Fast Refresh] rebuilding @ webpack-internal:///./node_modules/next/dist/client/components/react-dev-overlay/pages/hot-reloader-client.js:221
[  605416ms] [LOG] [Fast Refresh] rebuilding @ webpack-internal:///./node_modules/next/dist/client/components/react-dev-overlay/pages/hot-reloader-client.js:221
[  626102ms] [LOG] [Fast Refresh] rebuilding @ webpack-internal:///./node_modules/next/dist/client/components/react-dev-overlay/pages/hot-reloader-client.js:221
[  626299ms] [LOG] [Fast Refresh] done in 197ms @ webpack-internal:///./node_modules/next/dist/client/components/react-dev-overlay/pages/hot-reloader-client.js:190
[  633024ms] [LOG] [Fast Refresh] rebuilding @ webpack-internal:///./node_modules/next/dist/client/components/react-dev-overlay/pages/hot-reloader-client.js:221
[  633123ms] [LOG] [Fast Refresh] done in 99ms @ webpack-internal:///./node_modules/next/dist/client/components/react-dev-overlay/pages/hot-reloader-client.js:190
[  637659ms] [LOG] [Fast Refresh] rebuilding @ webpack-internal:///./node_modules/next/dist/client/components/react-dev-overlay/pages/hot-reloader-client.js:221
[  637801ms] [LOG] [Fast Refresh] done in 141ms @ webpack-internal:///./node_modules/next/dist/client/components/react-dev-overlay/pages/hot-reloader-client.js:190
[  642006ms] [LOG] [Fast Refresh] rebuilding @ webpack-internal:///./node_modules/next/dist/client/components/react-dev-overlay/pages/hot-reloader-client.js:221
[  642325ms] [INFO] %cDownload the React DevTools for a better development experience: https://reactjs.org/link/react-devtools font-weight:bold @ webpack-internal:///./node_modules/react-dom/cjs/react-dom.development.js:29889
[  642378ms] [VERBOSE] [DOM] Input elements should have autocomplete attributes (suggested: "current-password"): (More info: https://goo.gl/9p2vKq) %o @ http://localhost:3000/login:0
[  642379ms] [LOG] [HMR] connected @ webpack-internal:///./node_modules/next/dist/client/components/react-dev-overlay/pages/websocket.js:38
[  649823ms] [LOG] [Fast Refresh] rebuilding @ webpack-internal:///./node_modules/next/dist/client/components/react-dev-overlay/pages/hot-reloader-client.js:221
[  658601ms] [LOG] [Fast Refresh] rebuilding @ webpack-internal:///./node_modules/next/dist/client/components/react-dev-overlay/pages/hot-reloader-client.js:221
[  672167ms] [LOG] [Fast Refresh] rebuilding @ webpack-internal:///./node_modules/next/dist/client/components/react-dev-overlay/pages/hot-reloader-client.js:221
[  672276ms] [LOG] [Fast Refresh] done in 109ms @ webpack-internal:///./node_modules/next/dist/client/components/react-dev-overlay/pages/hot-reloader-client.js:190
[  675638ms] [LOG] [Fast Refresh] rebuilding @ webpack-internal:///./node_modules/next/dist/client/components/react-dev-overlay/pages/hot-reloader-client.js:221
[  697368ms] [LOG] [Fast Refresh] rebuilding @ webpack-internal:///./node_modules/next/dist/client/components/react-dev-overlay/pages/hot-reloader-client.js:221
[  713557ms] [LOG] [Fast Refresh] rebuilding @ webpack-internal:///./node_modules/next/dist/client/components/react-dev-overlay/pages/hot-reloader-client.js:221
[  713633ms] [LOG] [Fast Refresh] done in 75ms @ webpack-internal:///./node_modules/next/dist/client/components/react-dev-overlay/pages/hot-reloader-client.js:190
[  714028ms] [LOG] [Fast Refresh] rebuilding @ webpack-internal:///./node_modules/next/dist/client/components/react-dev-overlay/pages/hot-reloader-client.js:221
[  717288ms] [LOG] [Fast Refresh] rebuilding @ webpack-internal:///./node_modules/next/dist/client/components/react-dev-overlay/pages/hot-reloader-client.js:221
